<?xml version="1.0" encoding="UTF-8"?>
<testsuite xmlns:xsi="http://www.w3.org/2001/XMLSchema-instance" xsi:noNamespaceSchemaLocation="https://maven.apache.org/surefire/maven-surefire-plugin/xsd/surefire-test-report.xsd" name="com.devyatcorp.requestservice.Request.RequestTests" time="101" tests="5" errors="0" skipped="0" failures="0">
  <properties>
[...]
</properties>
  <testcase name="createAndDelete" classname="com.devyatcorp.requestservice.Request.RequestTests" time="14.696"/>
  <testcase name="updateStatus" classname="com.devyatcorp.requestservice.Request.RequestTests" time="8.585"/>
  <testcase name="createRequestByParams" classname="com.devyatcorp.requestservice.Request.RequestTests" time="5.637"/>
  <testcase name="createCommentAndGet" classname="com.devyatcorp.requestservice.Request.RequestTests" time="5.027"/>
  <testcase name="createRequestByClass" classname="com.devyatcorp.requestservice.Request.RequestTests" time="5.444"/>
</testsuite>